<?xml version="1.0" encoding="UTF-8"?>
<coverage generated="1739546563568" clover="3.2.0">
  <project timestamp="1739546563568" name="All files">
    <metrics statements="76" coveredstatements="50" conditionals="28" coveredconditionals="20" methods="6" coveredmethods="4" elements="110" coveredelements="74" complexity="0" loc="76" ncloc="76" packages="1" files="1" classes="1"/>
    <file name="executor.ts" path="/Users/oguidomingos/Documents/arbitrage/server/src/executor.ts">
      <metrics statements="76" coveredstatements="50" conditionals="28" coveredconditionals="20" methods="6" coveredmethods="4"/>
      <line num="1" count="1" type="stmt"/>
      <line num="3" count="1" type="stmt"/>
      <line num="6" count="1" type="stmt"/>
      <line num="7" count="1" type="stmt"/>
      <line num="11" count="24" type="stmt"/>
      <line num="13" count="24" type="cond" truecount="1" falsecount="1"/>
      <line num="14" count="24" type="cond" truecount="2" falsecount="0"/>
      <line num="16" count="0" type="stmt"/>
      <line num="19" count="0" type="stmt"/>
      <line num="25" count="23" type="stmt"/>
      <line num="26" count="23" type="cond" truecount="1" falsecount="1"/>
      <line num="28" count="23" type="stmt"/>
      <line num="31" count="0" type="cond" truecount="0" falsecount="1"/>
      <line num="32" count="0" type="stmt"/>
      <line num="34" count="0" type="stmt"/>
      <line num="35" count="0" type="stmt"/>
      <line num="38" count="0" type="stmt"/>
      <line num="43" count="1" type="stmt"/>
      <line num="44" count="16" type="stmt"/>
      <line num="46" count="16" type="cond" truecount="1" falsecount="0"/>
      <line num="47" count="1" type="stmt"/>
      <line num="49" count="15" type="cond" truecount="1" falsecount="0"/>
      <line num="50" count="1" type="stmt"/>
      <line num="52" count="14" type="cond" truecount="1" falsecount="0"/>
      <line num="53" count="1" type="stmt"/>
      <line num="57" count="13" type="stmt"/>
      <line num="60" count="13" type="stmt"/>
      <line num="63" count="13" type="stmt"/>
      <line num="66" count="13" type="stmt"/>
      <line num="69" count="13" type="cond" truecount="5" falsecount="0"/>
      <line num="70" count="4" type="stmt"/>
      <line num="74" count="9" type="cond" truecount="0" falsecount="1"/>
      <line num="75" count="0" type="stmt"/>
      <line num="79" count="9" type="cond" truecount="1" falsecount="0"/>
      <line num="80" count="1" type="stmt"/>
      <line num="84" count="8" type="cond" truecount="1" falsecount="0"/>
      <line num="85" count="8" type="cond" truecount="1" falsecount="0"/>
      <line num="86" count="1" type="stmt"/>
      <line num="89" count="7" type="cond" truecount="0" falsecount="1"/>
      <line num="90" count="0" type="stmt"/>
      <line num="94" count="7" type="cond" truecount="1" falsecount="0"/>
      <line num="95" count="7" type="cond" truecount="0" falsecount="1"/>
      <line num="96" count="0" type="stmt"/>
      <line num="99" count="7" type="cond" truecount="0" falsecount="1"/>
      <line num="100" count="0" type="stmt"/>
      <line num="105" count="7" type="stmt"/>
      <line num="108" count="7" type="stmt"/>
      <line num="109" count="7" type="stmt"/>
      <line num="111" count="7" type="stmt"/>
      <line num="118" count="0" type="stmt"/>
      <line num="119" count="0" type="stmt"/>
      <line num="127" count="0" type="stmt"/>
      <line num="128" count="0" type="stmt"/>
      <line num="129" count="0" type="stmt"/>
      <line num="132" count="0" type="stmt"/>
      <line num="133" count="0" type="stmt"/>
      <line num="134" count="0" type="stmt"/>
      <line num="136" count="0" type="stmt"/>
      <line num="137" count="0" type="stmt"/>
      <line num="138" count="0" type="cond" truecount="0" falsecount="1"/>
      <line num="139" count="0" type="stmt"/>
      <line num="140" count="0" type="stmt"/>
      <line num="142" count="0" type="stmt"/>
      <line num="146" count="0" type="stmt"/>
      <line num="148" count="9" type="stmt"/>
      <line num="149" count="9" type="stmt"/>
      <line num="154" count="1" type="stmt"/>
      <line num="155" count="4" type="stmt"/>
      <line num="158" count="4" type="cond" truecount="1" falsecount="0"/>
      <line num="159" count="3" type="stmt"/>
      <line num="161" count="4" type="cond" truecount="1" falsecount="0"/>
      <line num="162" count="3" type="stmt"/>
      <line num="166" count="4" type="cond" truecount="1" falsecount="0"/>
      <line num="167" count="2" type="stmt"/>
      <line num="174" count="4" type="cond" truecount="1" falsecount="0"/>
      <line num="175" count="2" type="stmt"/>
    </file>
  </project>
</coverage>
