<?xml version="1.0" encoding="UTF-8"?>
<coverage generated="1739488176994" clover="3.2.0">
  <project timestamp="1739488176994" name="All files">
    <metrics statements="32" coveredstatements="29" conditionals="10" coveredconditionals="7" methods="2" coveredmethods="2" elements="44" coveredelements="38" complexity="0" loc="32" ncloc="32" packages="1" files="1" classes="1"/>
    <file name="executor.ts" path="/Users/oguidomingos/Documents/arbitrage/server/src/executor.ts">
      <metrics statements="32" coveredstatements="29" conditionals="10" coveredconditionals="7" methods="2" coveredmethods="2"/>
      <line num="1" count="1" type="stmt"/>
      <line num="3" count="1" type="stmt"/>
      <line num="6" count="1" type="stmt"/>
      <line num="7" count="4" type="stmt"/>
      <line num="9" count="4" type="cond" truecount="1" falsecount="0"/>
      <line num="10" count="1" type="stmt"/>
      <line num="12" count="3" type="cond" truecount="0" falsecount="1"/>
      <line num="13" count="0" type="stmt"/>
      <line num="15" count="3" type="cond" truecount="0" falsecount="1"/>
      <line num="16" count="0" type="stmt"/>
      <line num="20" count="3" type="stmt"/>
      <line num="23" count="3" type="stmt"/>
      <line num="26" count="3" type="stmt"/>
      <line num="29" count="3" type="stmt"/>
      <line num="32" count="3" type="cond" truecount="2" falsecount="1"/>
      <line num="33" count="0" type="stmt"/>
      <line num="37" count="3" type="stmt"/>
      <line num="44" count="2" type="stmt"/>
      <line num="47" count="2" type="stmt"/>
      <line num="48" count="1" type="stmt"/>
      <line num="51" count="3" type="stmt"/>
      <line num="52" count="3" type="stmt"/>
      <line num="57" count="1" type="stmt"/>
      <line num="58" count="2" type="stmt"/>
      <line num="61" count="2" type="cond" truecount="1" falsecount="0"/>
      <line num="62" count="2" type="stmt"/>
      <line num="64" count="2" type="cond" truecount="1" falsecount="0"/>
      <line num="65" count="2" type="stmt"/>
      <line num="69" count="2" type="cond" truecount="1" falsecount="0"/>
      <line num="70" count="1" type="stmt"/>
      <line num="77" count="2" type="cond" truecount="1" falsecount="0"/>
      <line num="78" count="1" type="stmt"/>
    </file>
  </project>
</coverage>
