{"/Users/oguidomingos/Documents/arbitrage/server/src/executor.ts": {"path":"/Users/oguidomingos/Documents/arbitrage/server/src/executor.ts","statementMap":{"0":{"start":{"line":6,"column":0},"end":{"line":6,"column":7}},"1":{"start":{"line":57,"column":0},"end":{"line":57,"column":16}},"2":{"start":{"line":1,"column":0},"end":{"line":1,"column":32}},"3":{"start":{"line":3,"column":0},"end":{"line":3,"column":75}},"4":{"start":{"line":7,"column":2},"end":{"line":53,"column":3}},"5":{"start":{"line":9,"column":4},"end":{"line":11,"column":5}},"6":{"start":{"line":10,"column":6},"end":{"line":10,"column":45}},"7":{"start":{"line":12,"column":4},"end":{"line":14,"column":5}},"8":{"start":{"line":13,"column":6},"end":{"line":13,"column":49}},"9":{"start":{"line":15,"column":4},"end":{"line":17,"column":5}},"10":{"start":{"line":16,"column":6},"end":{"line":16,"column":64}},"11":{"start":{"line":20,"column":21},"end":{"line":20,"column":68}},"12":{"start":{"line":23,"column":19},"end":{"line":23,"column":71}},"13":{"start":{"line":26,"column":28},"end":{"line":26,"column":66}},"14":{"start":{"line":29,"column":30},"end":{"line":29,"column":89}},"15":{"start":{"line":32,"column":4},"end":{"line":34,"column":5}},"16":{"start":{"line":33,"column":6},"end":{"line":33,"column":51}},"17":{"start":{"line":37,"column":15},"end":{"line":41,"column":null}},"18":{"start":{"line":44,"column":4},"end":{"line":44,"column":49}},"19":{"start":{"line":47,"column":20},"end":{"line":47,"column":35}},"20":{"start":{"line":48,"column":4},"end":{"line":48,"column":73}},"21":{"start":{"line":51,"column":4},"end":{"line":51,"column":60}},"22":{"start":{"line":52,"column":4},"end":{"line":52,"column":16}},"23":{"start":{"line":58,"column":2},"end":{"line":58,"column":79}},"24":{"start":{"line":61,"column":2},"end":{"line":63,"column":3}},"25":{"start":{"line":62,"column":4},"end":{"line":62,"column":40}},"26":{"start":{"line":64,"column":2},"end":{"line":66,"column":3}},"27":{"start":{"line":65,"column":4},"end":{"line":65,"column":42}},"28":{"start":{"line":69,"column":2},"end":{"line":75,"column":3}},"29":{"start":{"line":70,"column":4},"end":{"line":74,"column":7}},"30":{"start":{"line":77,"column":2},"end":{"line":83,"column":3}},"31":{"start":{"line":78,"column":4},"end":{"line":82,"column":7}}},"fnMap":{"0":{"name":"executeArbitrage","decl":{"start":{"line":6,"column":22},"end":{"line":6,"column":38}},"loc":{"start":{"line":6,"column":62},"end":{"line":54,"column":1}}},"1":{"name":"simulateArbitrageExecution","decl":{"start":{"line":57,"column":16},"end":{"line":57,"column":42}},"loc":{"start":{"line":57,"column":66},"end":{"line":84,"column":1}}}},"branchMap":{"0":{"loc":{"start":{"line":9,"column":4},"end":{"line":11,"column":5}},"type":"if","locations":[{"start":{"line":9,"column":4},"end":{"line":11,"column":5}}]},"1":{"loc":{"start":{"line":12,"column":4},"end":{"line":14,"column":5}},"type":"if","locations":[{"start":{"line":12,"column":4},"end":{"line":14,"column":5}}]},"2":{"loc":{"start":{"line":15,"column":4},"end":{"line":17,"column":5}},"type":"if","locations":[{"start":{"line":15,"column":4},"end":{"line":17,"column":5}}]},"3":{"loc":{"start":{"line":32,"column":4},"end":{"line":34,"column":5}},"type":"if","locations":[{"start":{"line":32,"column":4},"end":{"line":34,"column":5}}]},"4":{"loc":{"start":{"line":32,"column":8},"end":{"line":32,"column":39}},"type":"binary-expr","locations":[{"start":{"line":32,"column":8},"end":{"line":32,"column":21}},{"start":{"line":32,"column":25},"end":{"line":32,"column":39}}]},"5":{"loc":{"start":{"line":61,"column":2},"end":{"line":63,"column":3}},"type":"if","locations":[{"start":{"line":61,"column":2},"end":{"line":63,"column":3}}]},"6":{"loc":{"start":{"line":64,"column":2},"end":{"line":66,"column":3}},"type":"if","locations":[{"start":{"line":64,"column":2},"end":{"line":66,"column":3}}]},"7":{"loc":{"start":{"line":69,"column":2},"end":{"line":75,"column":3}},"type":"if","locations":[{"start":{"line":69,"column":2},"end":{"line":75,"column":3}}]},"8":{"loc":{"start":{"line":77,"column":2},"end":{"line":83,"column":3}},"type":"if","locations":[{"start":{"line":77,"column":2},"end":{"line":83,"column":3}}]}},"s":{"0":1,"1":1,"2":1,"3":1,"4":4,"5":4,"6":1,"7":3,"8":0,"9":3,"10":0,"11":3,"12":3,"13":3,"14":3,"15":3,"16":0,"17":3,"18":2,"19":2,"20":1,"21":3,"22":3,"23":2,"24":2,"25":2,"26":2,"27":2,"28":2,"29":1,"30":2,"31":1},"f":{"0":4,"1":2},"b":{"0":[1],"1":[0],"2":[0],"3":[0],"4":[3,3],"5":[2],"6":[2],"7":[1],"8":[1]}}
}
