{"/Users/oguidomingos/Documents/arbitrage/server/src/executor.ts": {"path":"/Users/oguidomingos/Documents/arbitrage/server/src/executor.ts","statementMap":{"0":{"start":{"line":43,"column":0},"end":{"line":43,"column":7}},"1":{"start":{"line":154,"column":0},"end":{"line":154,"column":16}},"2":{"start":{"line":1,"column":0},"end":{"line":1,"column":60}},"3":{"start":{"line":3,"column":0},"end":{"line":3,"column":75}},"4":{"start":{"line":6,"column":28},"end":{"line":6,"column":33}},"5":{"start":{"line":7,"column":20},"end":{"line":7,"column":21}},"6":{"start":{"line":11,"column":2},"end":{"line":20,"column":3}},"7":{"start":{"line":13,"column":4},"end":{"line":17,"column":5}},"8":{"start":{"line":14,"column":6},"end":{"line":14,"column":61}},"9":{"start":{"line":16,"column":6},"end":{"line":16,"column":39}},"10":{"start":{"line":19,"column":4},"end":{"line":19,"column":17}},"11":{"start":{"line":25,"column":2},"end":{"line":39,"column":3}},"12":{"start":{"line":26,"column":4},"end":{"line":36,"column":5}},"13":{"start":{"line":28,"column":6},"end":{"line":28,"column":31}},"14":{"start":{"line":31,"column":6},"end":{"line":33,"column":7}},"15":{"start":{"line":32,"column":8},"end":{"line":32,"column":21}},"16":{"start":{"line":34,"column":21},"end":{"line":34,"column":44}},"17":{"start":{"line":35,"column":6},"end":{"line":35,"column":26}},"18":{"start":{"line":38,"column":4},"end":{"line":38,"column":17}},"19":{"start":{"line":44,"column":2},"end":{"line":150,"column":3}},"20":{"start":{"line":46,"column":4},"end":{"line":48,"column":5}},"21":{"start":{"line":47,"column":6},"end":{"line":47,"column":45}},"22":{"start":{"line":49,"column":4},"end":{"line":51,"column":5}},"23":{"start":{"line":50,"column":6},"end":{"line":50,"column":49}},"24":{"start":{"line":52,"column":4},"end":{"line":54,"column":5}},"25":{"start":{"line":53,"column":6},"end":{"line":53,"column":64}},"26":{"start":{"line":57,"column":21},"end":{"line":57,"column":68}},"27":{"start":{"line":60,"column":19},"end":{"line":60,"column":71}},"28":{"start":{"line":63,"column":28},"end":{"line":63,"column":66}},"29":{"start":{"line":66,"column":30},"end":{"line":66,"column":89}},"30":{"start":{"line":69,"column":4},"end":{"line":71,"column":5}},"31":{"start":{"line":70,"column":6},"end":{"line":70,"column":51}},"32":{"start":{"line":74,"column":4},"end":{"line":76,"column":5}},"33":{"start":{"line":75,"column":6},"end":{"line":75,"column":47}},"34":{"start":{"line":79,"column":4},"end":{"line":81,"column":5}},"35":{"start":{"line":80,"column":6},"end":{"line":80,"column":47}},"36":{"start":{"line":84,"column":4},"end":{"line":92,"column":5}},"37":{"start":{"line":85,"column":6},"end":{"line":87,"column":7}},"38":{"start":{"line":86,"column":8},"end":{"line":86,"column":50}},"39":{"start":{"line":89,"column":6},"end":{"line":91,"column":7}},"40":{"start":{"line":90,"column":8},"end":{"line":90,"column":55}},"41":{"start":{"line":94,"column":4},"end":{"line":102,"column":5}},"42":{"start":{"line":95,"column":6},"end":{"line":97,"column":7}},"43":{"start":{"line":96,"column":8},"end":{"line":96,"column":50}},"44":{"start":{"line":99,"column":6},"end":{"line":101,"column":7}},"45":{"start":{"line":100,"column":8},"end":{"line":100,"column":55}},"46":{"start":{"line":105,"column":18},"end":{"line":105,"column":19}},"47":{"start":{"line":108,"column":4},"end":{"line":144,"column":5}},"48":{"start":{"line":109,"column":6},"end":{"line":143,"column":7}},"49":{"start":{"line":111,"column":19},"end":{"line":115,"column":null}},"50":{"start":{"line":118,"column":8},"end":{"line":118,"column":68}},"51":{"start":{"line":119,"column":8},"end":{"line":124,"column":11}},"52":{"start":{"line":127,"column":28},"end":{"line":127,"column":37}},"53":{"start":{"line":128,"column":31},"end":{"line":129,"column":null}},"54":{"start":{"line":129,"column":10},"end":{"line":129,"column":89}},"55":{"start":{"line":129,"column":27},"end":{"line":129,"column":67}},"56":{"start":{"line":132,"column":24},"end":{"line":132,"column":103}},"57":{"start":{"line":133,"column":8},"end":{"line":133,"column":77}},"58":{"start":{"line":134,"column":8},"end":{"line":134,"column":15}},"59":{"start":{"line":136,"column":8},"end":{"line":136,"column":26}},"60":{"start":{"line":137,"column":8},"end":{"line":137,"column":18}},"61":{"start":{"line":138,"column":8},"end":{"line":141,"column":9}},"62":{"start":{"line":139,"column":10},"end":{"line":139,"column":94}},"63":{"start":{"line":140,"column":10},"end":{"line":140,"column":19}},"64":{"start":{"line":142,"column":8},"end":{"line":142,"column":14}},"65":{"start":{"line":146,"column":4},"end":{"line":146,"column":20}},"66":{"start":{"line":148,"column":4},"end":{"line":148,"column":60}},"67":{"start":{"line":149,"column":4},"end":{"line":149,"column":16}},"68":{"start":{"line":155,"column":2},"end":{"line":155,"column":79}},"69":{"start":{"line":158,"column":2},"end":{"line":160,"column":3}},"70":{"start":{"line":159,"column":4},"end":{"line":159,"column":40}},"71":{"start":{"line":161,"column":2},"end":{"line":163,"column":3}},"72":{"start":{"line":162,"column":4},"end":{"line":162,"column":42}},"73":{"start":{"line":166,"column":2},"end":{"line":172,"column":3}},"74":{"start":{"line":167,"column":4},"end":{"line":171,"column":7}},"75":{"start":{"line":174,"column":2},"end":{"line":180,"column":3}},"76":{"start":{"line":175,"column":4},"end":{"line":179,"column":7}}},"fnMap":{"0":{"name":"isValidAddress","decl":{"start":{"line":10,"column":9},"end":{"line":10,"column":23}},"loc":{"start":{"line":10,"column":39},"end":{"line":21,"column":1}}},"1":{"name":"isValidBigNumberString","decl":{"start":{"line":24,"column":9},"end":{"line":24,"column":31}},"loc":{"start":{"line":24,"column":45},"end":{"line":40,"column":1}}},"2":{"name":"executeArbitrage","decl":{"start":{"line":43,"column":22},"end":{"line":43,"column":38}},"loc":{"start":{"line":43,"column":62},"end":{"line":151,"column":1}}},"3":{"name":"(anonymous_3)","decl":{"start":{"line":128,"column":43},"end":{"line":128,"column":44}},"loc":{"start":{"line":129,"column":10},"end":{"line":129,"column":89}}},"4":{"name":"(anonymous_4)","decl":{"start":{"line":129,"column":21},"end":{"line":129,"column":24}},"loc":{"start":{"line":129,"column":27},"end":{"line":129,"column":67}}},"5":{"name":"simulateArbitrageExecution","decl":{"start":{"line":154,"column":16},"end":{"line":154,"column":42}},"loc":{"start":{"line":154,"column":66},"end":{"line":181,"column":1}}}},"branchMap":{"0":{"loc":{"start":{"line":13,"column":4},"end":{"line":17,"column":5}},"type":"if","locations":[{"start":{"line":13,"column":4},"end":{"line":17,"column":5}},{"start":{"line":15,"column":11},"end":{"line":17,"column":5}}]},"1":{"loc":{"start":{"line":14,"column":13},"end":{"line":14,"column":60}},"type":"binary-expr","locations":[{"start":{"line":14,"column":13},"end":{"line":14,"column":37}},{"start":{"line":14,"column":41},"end":{"line":14,"column":60}}]},"2":{"loc":{"start":{"line":26,"column":4},"end":{"line":36,"column":5}},"type":"if","locations":[{"start":{"line":26,"column":4},"end":{"line":36,"column":5}},{"start":{"line":29,"column":11},"end":{"line":36,"column":5}}]},"3":{"loc":{"start":{"line":31,"column":6},"end":{"line":33,"column":7}},"type":"if","locations":[{"start":{"line":31,"column":6},"end":{"line":33,"column":7}}]},"4":{"loc":{"start":{"line":46,"column":4},"end":{"line":48,"column":5}},"type":"if","locations":[{"start":{"line":46,"column":4},"end":{"line":48,"column":5}}]},"5":{"loc":{"start":{"line":49,"column":4},"end":{"line":51,"column":5}},"type":"if","locations":[{"start":{"line":49,"column":4},"end":{"line":51,"column":5}}]},"6":{"loc":{"start":{"line":52,"column":4},"end":{"line":54,"column":5}},"type":"if","locations":[{"start":{"line":52,"column":4},"end":{"line":54,"column":5}}]},"7":{"loc":{"start":{"line":69,"column":4},"end":{"line":71,"column":5}},"type":"if","locations":[{"start":{"line":69,"column":4},"end":{"line":71,"column":5}}]},"8":{"loc":{"start":{"line":69,"column":8},"end":{"line":69,"column":73}},"type":"binary-expr","locations":[{"start":{"line":69,"column":8},"end":{"line":69,"column":21}},{"start":{"line":69,"column":25},"end":{"line":69,"column":39}},{"start":{"line":69,"column":43},"end":{"line":69,"column":56}},{"start":{"line":69,"column":60},"end":{"line":69,"column":73}}]},"9":{"loc":{"start":{"line":74,"column":4},"end":{"line":76,"column":5}},"type":"if","locations":[{"start":{"line":74,"column":4},"end":{"line":76,"column":5}}]},"10":{"loc":{"start":{"line":79,"column":4},"end":{"line":81,"column":5}},"type":"if","locations":[{"start":{"line":79,"column":4},"end":{"line":81,"column":5}}]},"11":{"loc":{"start":{"line":84,"column":4},"end":{"line":92,"column":5}},"type":"if","locations":[{"start":{"line":84,"column":4},"end":{"line":92,"column":5}}]},"12":{"loc":{"start":{"line":85,"column":6},"end":{"line":87,"column":7}},"type":"if","locations":[{"start":{"line":85,"column":6},"end":{"line":87,"column":7}}]},"13":{"loc":{"start":{"line":89,"column":6},"end":{"line":91,"column":7}},"type":"if","locations":[{"start":{"line":89,"column":6},"end":{"line":91,"column":7}}]},"14":{"loc":{"start":{"line":94,"column":4},"end":{"line":102,"column":5}},"type":"if","locations":[{"start":{"line":94,"column":4},"end":{"line":102,"column":5}}]},"15":{"loc":{"start":{"line":95,"column":6},"end":{"line":97,"column":7}},"type":"if","locations":[{"start":{"line":95,"column":6},"end":{"line":97,"column":7}}]},"16":{"loc":{"start":{"line":99,"column":6},"end":{"line":101,"column":7}},"type":"if","locations":[{"start":{"line":99,"column":6},"end":{"line":101,"column":7}}]},"17":{"loc":{"start":{"line":138,"column":8},"end":{"line":141,"column":9}},"type":"if","locations":[{"start":{"line":138,"column":8},"end":{"line":141,"column":9}}]},"18":{"loc":{"start":{"line":158,"column":2},"end":{"line":160,"column":3}},"type":"if","locations":[{"start":{"line":158,"column":2},"end":{"line":160,"column":3}}]},"19":{"loc":{"start":{"line":161,"column":2},"end":{"line":163,"column":3}},"type":"if","locations":[{"start":{"line":161,"column":2},"end":{"line":163,"column":3}}]},"20":{"loc":{"start":{"line":166,"column":2},"end":{"line":172,"column":3}},"type":"if","locations":[{"start":{"line":166,"column":2},"end":{"line":172,"column":3}}]},"21":{"loc":{"start":{"line":174,"column":2},"end":{"line":180,"column":3}},"type":"if","locations":[{"start":{"line":174,"column":2},"end":{"line":180,"column":3}}]}},"s":{"0":1,"1":1,"2":1,"3":1,"4":1,"5":1,"6":24,"7":24,"8":24,"9":0,"10":0,"11":23,"12":23,"13":23,"14":0,"15":0,"16":0,"17":0,"18":0,"19":16,"20":16,"21":1,"22":15,"23":1,"24":14,"25":1,"26":13,"27":13,"28":13,"29":13,"30":13,"31":4,"32":9,"33":0,"34":9,"35":1,"36":8,"37":8,"38":1,"39":7,"40":0,"41":7,"42":7,"43":0,"44":7,"45":0,"46":7,"47":7,"48":7,"49":7,"50":0,"51":0,"52":0,"53":0,"54":0,"55":0,"56":0,"57":0,"58":0,"59":0,"60":0,"61":0,"62":0,"63":0,"64":0,"65":0,"66":9,"67":9,"68":4,"69":4,"70":3,"71":4,"72":3,"73":4,"74":2,"75":4,"76":2},"f":{"0":24,"1":23,"2":16,"3":0,"4":0,"5":4},"b":{"0":[24,0],"1":[24,23],"2":[23,0],"3":[0],"4":[1],"5":[1],"6":[1],"7":[4],"8":[13,12,11,10],"9":[0],"10":[1],"11":[8],"12":[1],"13":[0],"14":[7],"15":[0],"16":[0],"17":[0],"18":[3],"19":[3],"20":[2],"21":[2]}}
}
