TN:
SF:src/executor.ts
FN:6,executeArbitrage
FN:57,simulateArbitrageExecution
FNF:2
FNH:2
FNDA:4,executeArbitrage
FNDA:2,simulateArbitrageExecution
DA:1,1
DA:3,1
DA:6,1
DA:7,4
DA:9,4
DA:10,1
DA:12,3
DA:13,0
DA:15,3
DA:16,0
DA:20,3
DA:23,3
DA:26,3
DA:29,3
DA:32,3
DA:33,0
DA:37,3
DA:44,2
DA:47,2
DA:48,1
DA:51,3
DA:52,3
DA:57,1
DA:58,2
DA:61,2
DA:62,2
DA:64,2
DA:65,2
DA:69,2
DA:70,1
DA:77,2
DA:78,1
LF:32
LH:29
BRDA:9,0,0,1
BRDA:12,1,0,0
BRDA:15,2,0,0
BRDA:32,3,0,0
BRDA:32,4,0,3
BRDA:32,4,1,3
BRDA:61,5,0,2
BRDA:64,6,0,2
BRDA:69,7,0,1
BRDA:77,8,0,1
BRF:10
BRH:7
end_of_record
