TN:
SF:src/executor.ts
FN:10,isValidAddress
FN:24,isValidBigNumberString
FN:43,executeArbitrage
FN:133,(anonymous_3)
FN:134,(anonymous_4)
FN:159,simulateArbitrageExecution
FNF:6
FNH:5
FNDA:25,isValidAddress
FNDA:24,isValidBigNumberString
FNDA:9,executeArbitrage
FNDA:7,(anonymous_3)
FNDA:0,(anonymous_4)
FNDA:4,simulateArbitrageExecution
DA:1,1
DA:3,1
DA:6,1
DA:7,1
DA:11,25
DA:13,25
DA:14,25
DA:16,0
DA:19,0
DA:25,24
DA:26,24
DA:28,24
DA:31,0
DA:32,0
DA:34,0
DA:35,0
DA:38,0
DA:43,1
DA:44,9
DA:46,9
DA:47,0
DA:49,9
DA:50,0
DA:52,9
DA:53,0
DA:57,9
DA:60,9
DA:63,9
DA:66,9
DA:69,9
DA:70,0
DA:74,9
DA:75,0
DA:79,9
DA:80,0
DA:84,9
DA:85,9
DA:86,1
DA:89,8
DA:90,1
DA:94,7
DA:95,7
DA:96,0
DA:99,7
DA:100,0
DA:105,7
DA:108,7
DA:109,14
DA:111,14
DA:119,9
DA:120,2
DA:123,7
DA:124,7
DA:132,7
DA:133,7
DA:134,7
DA:137,7
DA:138,6
DA:139,6
DA:141,8
DA:142,8
DA:143,8
DA:144,7
DA:145,7
DA:147,1
DA:151,1
DA:153,3
DA:154,3
DA:159,1
DA:160,4
DA:163,4
DA:164,3
DA:166,4
DA:167,3
DA:171,4
DA:172,2
DA:179,4
DA:180,2
LF:78
LH:63
BRDA:13,0,0,25
BRDA:13,0,1,0
BRDA:14,1,0,25
BRDA:14,1,1,24
BRDA:26,2,0,24
BRDA:26,2,1,0
BRDA:31,3,0,0
BRDA:46,4,0,0
BRDA:49,5,0,0
BRDA:52,6,0,0
BRDA:69,7,0,0
BRDA:69,8,0,9
BRDA:69,8,1,9
BRDA:69,8,2,9
BRDA:69,8,3,9
BRDA:74,9,0,0
BRDA:79,10,0,0
BRDA:84,11,0,9
BRDA:85,12,0,1
BRDA:89,13,0,1
BRDA:94,14,0,7
BRDA:95,15,0,0
BRDA:99,16,0,0
BRDA:119,17,0,2
BRDA:119,18,0,9
BRDA:119,18,1,7
BRDA:143,19,0,7
BRDA:163,20,0,3
BRDA:166,21,0,3
BRDA:171,22,0,2
BRDA:179,23,0,2
BRF:31
BRH:20
end_of_record
